{"C:\\Users\\joshu\\Hacktiv8\\Phase2\\Week 3\\Day 1\\Individual Project\\JW-IP-RMT52\\client\\server\\server.js": {"path":"C:\\Users\\joshu\\Hacktiv8\\Phase2\\Week 3\\Day 1\\Individual Project\\JW-IP-RMT52\\client\\server\\server.js","statementMap":{"0":{"start":{"line":1,"column":16},"end":{"line":1,"column":34}},"1":{"start":{"line":2,"column":13},"end":{"line":2,"column":28}},"2":{"start":{"line":3,"column":14},"end":{"line":3,"column":30}},"3":{"start":{"line":4,"column":16},"end":{"line":4,"column":34}},"4":{"start":{"line":6,"column":12},"end":{"line":6,"column":21}},"5":{"start":{"line":8,"column":0},"end":{"line":8,"column":16}},"6":{"start":{"line":9,"column":0},"end":{"line":9,"column":24}},"7":{"start":{"line":11,"column":23},"end":{"line":11,"column":47}},"8":{"start":{"line":12,"column":28},"end":{"line":12,"column":64}},"9":{"start":{"line":14,"column":0},"end":{"line":25,"column":3}},"10":{"start":{"line":15,"column":2},"end":{"line":24,"column":3}},"11":{"start":{"line":16,"column":21},"end":{"line":19,"column":6}},"12":{"start":{"line":20,"column":4},"end":{"line":20,"column":28}},"13":{"start":{"line":22,"column":4},"end":{"line":22,"column":58}},"14":{"start":{"line":23,"column":4},"end":{"line":23,"column":71}},"15":{"start":{"line":27,"column":0},"end":{"line":37,"column":3}},"16":{"start":{"line":28,"column":2},"end":{"line":36,"column":3}},"17":{"start":{"line":29,"column":21},"end":{"line":29,"column":51}},"18":{"start":{"line":30,"column":14},"end":{"line":30,"column":41}},"19":{"start":{"line":31,"column":19},"end":{"line":31,"column":45}},"20":{"start":{"line":32,"column":4},"end":{"line":32,"column":25}},"21":{"start":{"line":34,"column":4},"end":{"line":34,"column":51}},"22":{"start":{"line":35,"column":4},"end":{"line":35,"column":62}},"23":{"start":{"line":41,"column":0},"end":{"line":46,"column":1}},"24":{"start":{"line":42,"column":15},"end":{"line":42,"column":19}},"25":{"start":{"line":43,"column":2},"end":{"line":45,"column":5}},"26":{"start":{"line":44,"column":4},"end":{"line":44,"column":64}},"27":{"start":{"line":48,"column":0},"end":{"line":48,"column":21}}},"fnMap":{"0":{"name":"(anonymous_0)","decl":{"start":{"line":14,"column":30},"end":{"line":14,"column":31}},"loc":{"start":{"line":14,"column":50},"end":{"line":25,"column":1}},"line":14},"1":{"name":"(anonymous_1)","decl":{"start":{"line":27,"column":30},"end":{"line":27,"column":31}},"loc":{"start":{"line":27,"column":50},"end":{"line":37,"column":1}},"line":27},"2":{"name":"(anonymous_2)","decl":{"start":{"line":43,"column":19},"end":{"line":43,"column":20}},"loc":{"start":{"line":43,"column":25},"end":{"line":45,"column":3}},"line":43}},"branchMap":{"0":{"loc":{"start":{"line":41,"column":0},"end":{"line":46,"column":1}},"type":"if","locations":[{"start":{"line":41,"column":0},"end":{"line":46,"column":1}},{"start":{},"end":{}}],"line":41}},"s":{"0":3,"1":3,"2":3,"3":3,"4":3,"5":3,"6":3,"7":3,"8":3,"9":3,"10":0,"11":0,"12":0,"13":0,"14":0,"15":3,"16":0,"17":0,"18":0,"19":0,"20":0,"21":0,"22":0,"23":3,"24":0,"25":0,"26":0,"27":3},"f":{"0":0,"1":0,"2":0},"b":{"0":[0,3]},"_coverageSchema":"1a1c01bbd47fc00a2c39e90264f33305004495a9","hash":"191cd59169f060fe3a3dec7186cb983c6dc7c822"}
,"C:\\Users\\joshu\\Hacktiv8\\Phase2\\Week 3\\Day 1\\Individual Project\\JW-IP-RMT52\\client\\server\\__tests__\\testRoutes.js": {"path":"C:\\Users\\joshu\\Hacktiv8\\Phase2\\Week 3\\Day 1\\Individual Project\\JW-IP-RMT52\\client\\server\\__tests__\\testRoutes.js","statementMap":{"0":{"start":{"line":1,"column":16},"end":{"line":1,"column":34}},"1":{"start":{"line":2,"column":15},"end":{"line":2,"column":31}},"2":{"start":{"line":5,"column":17},"end":{"line":8,"column":1}},"3":{"start":{"line":10,"column":18},"end":{"line":12,"column":1}},"4":{"start":{"line":15,"column":18},"end":{"line":24,"column":1}},"5":{"start":{"line":16,"column":21},"end":{"line":16,"column":46}},"6":{"start":{"line":17,"column":2},"end":{"line":22,"column":3}},"7":{"start":{"line":18,"column":18},"end":{"line":18,"column":42}},"8":{"start":{"line":19,"column":4},"end":{"line":21,"column":5}},"9":{"start":{"line":20,"column":6},"end":{"line":20,"column":20}},"10":{"start":{"line":23,"column":2},"end":{"line":23,"column":52}},"11":{"start":{"line":27,"column":0},"end":{"line":32,"column":2}},"12":{"start":{"line":28,"column":2},"end":{"line":31,"column":4}},"13":{"start":{"line":35,"column":0},"end":{"line":37,"column":2}},"14":{"start":{"line":36,"column":2},"end":{"line":36,"column":18}},"15":{"start":{"line":40,"column":0},"end":{"line":42,"column":3}},"16":{"start":{"line":41,"column":2},"end":{"line":41,"column":35}},"17":{"start":{"line":45,"column":0},"end":{"line":51,"column":3}},"18":{"start":{"line":46,"column":27},"end":{"line":46,"column":35}},"19":{"start":{"line":47,"column":2},"end":{"line":49,"column":3}},"20":{"start":{"line":48,"column":4},"end":{"line":48,"column":65}},"21":{"start":{"line":50,"column":2},"end":{"line":50,"column":50}},"22":{"start":{"line":54,"column":0},"end":{"line":60,"column":3}},"23":{"start":{"line":55,"column":21},"end":{"line":55,"column":30}},"24":{"start":{"line":56,"column":2},"end":{"line":58,"column":3}},"25":{"start":{"line":57,"column":4},"end":{"line":57,"column":68}},"26":{"start":{"line":59,"column":2},"end":{"line":59,"column":42}},"27":{"start":{"line":63,"column":0},"end":{"line":69,"column":3}},"28":{"start":{"line":64,"column":40},"end":{"line":64,"column":48}},"29":{"start":{"line":65,"column":2},"end":{"line":67,"column":3}},"30":{"start":{"line":66,"column":4},"end":{"line":66,"column":72}},"31":{"start":{"line":68,"column":2},"end":{"line":68,"column":68}},"32":{"start":{"line":72,"column":0},"end":{"line":80,"column":3}},"33":{"start":{"line":73,"column":33},"end":{"line":73,"column":41}},"34":{"start":{"line":74,"column":15},"end":{"line":74,"column":86}},"35":{"start":{"line":74,"column":35},"end":{"line":74,"column":85}},"36":{"start":{"line":75,"column":2},"end":{"line":79,"column":3}},"37":{"start":{"line":76,"column":4},"end":{"line":76,"column":50}},"38":{"start":{"line":78,"column":4},"end":{"line":78,"column":61}},"39":{"start":{"line":82,"column":0},"end":{"line":82,"column":24}}},"fnMap":{"0":{"name":"(anonymous_0)","decl":{"start":{"line":15,"column":18},"end":{"line":15,"column":19}},"loc":{"start":{"line":15,"column":38},"end":{"line":24,"column":1}},"line":15},"1":{"name":"(anonymous_1)","decl":{"start":{"line":27,"column":23},"end":{"line":27,"column":24}},"loc":{"start":{"line":27,"column":29},"end":{"line":32,"column":1}},"line":27},"2":{"name":"(anonymous_2)","decl":{"start":{"line":35,"column":23},"end":{"line":35,"column":24}},"loc":{"start":{"line":35,"column":29},"end":{"line":37,"column":1}},"line":35},"3":{"name":"(anonymous_3)","decl":{"start":{"line":40,"column":37},"end":{"line":40,"column":38}},"loc":{"start":{"line":40,"column":51},"end":{"line":42,"column":1}},"line":40},"4":{"name":"(anonymous_4)","decl":{"start":{"line":45,"column":40},"end":{"line":45,"column":41}},"loc":{"start":{"line":45,"column":54},"end":{"line":51,"column":1}},"line":45},"5":{"name":"(anonymous_5)","decl":{"start":{"line":54,"column":44},"end":{"line":54,"column":45}},"loc":{"start":{"line":54,"column":58},"end":{"line":60,"column":1}},"line":54},"6":{"name":"(anonymous_6)","decl":{"start":{"line":63,"column":29},"end":{"line":63,"column":30}},"loc":{"start":{"line":63,"column":43},"end":{"line":69,"column":1}},"line":63},"7":{"name":"(anonymous_7)","decl":{"start":{"line":72,"column":26},"end":{"line":72,"column":27}},"loc":{"start":{"line":72,"column":40},"end":{"line":80,"column":1}},"line":72},"8":{"name":"(anonymous_8)","decl":{"start":{"line":74,"column":30},"end":{"line":74,"column":31}},"loc":{"start":{"line":74,"column":35},"end":{"line":74,"column":85}},"line":74}},"branchMap":{"0":{"loc":{"start":{"line":17,"column":2},"end":{"line":22,"column":3}},"type":"if","locations":[{"start":{"line":17,"column":2},"end":{"line":22,"column":3}},{"start":{},"end":{}}],"line":17},"1":{"loc":{"start":{"line":17,"column":6},"end":{"line":17,"column":52}},"type":"binary-expr","locations":[{"start":{"line":17,"column":6},"end":{"line":17,"column":16}},{"start":{"line":17,"column":20},"end":{"line":17,"column":52}}],"line":17},"2":{"loc":{"start":{"line":19,"column":4},"end":{"line":21,"column":5}},"type":"if","locations":[{"start":{"line":19,"column":4},"end":{"line":21,"column":5}},{"start":{},"end":{}}],"line":19},"3":{"loc":{"start":{"line":47,"column":2},"end":{"line":49,"column":3}},"type":"if","locations":[{"start":{"line":47,"column":2},"end":{"line":49,"column":3}},{"start":{},"end":{}}],"line":47},"4":{"loc":{"start":{"line":56,"column":2},"end":{"line":58,"column":3}},"type":"if","locations":[{"start":{"line":56,"column":2},"end":{"line":58,"column":3}},{"start":{},"end":{}}],"line":56},"5":{"loc":{"start":{"line":65,"column":2},"end":{"line":67,"column":3}},"type":"if","locations":[{"start":{"line":65,"column":2},"end":{"line":67,"column":3}},{"start":{},"end":{}}],"line":65},"6":{"loc":{"start":{"line":65,"column":6},"end":{"line":65,"column":38}},"type":"binary-expr","locations":[{"start":{"line":65,"column":6},"end":{"line":65,"column":15}},{"start":{"line":65,"column":19},"end":{"line":65,"column":25}},{"start":{"line":65,"column":29},"end":{"line":65,"column":38}}],"line":65},"7":{"loc":{"start":{"line":74,"column":35},"end":{"line":74,"column":85}},"type":"binary-expr","locations":[{"start":{"line":74,"column":35},"end":{"line":74,"column":58}},{"start":{"line":74,"column":62},"end":{"line":74,"column":85}}],"line":74},"8":{"loc":{"start":{"line":75,"column":2},"end":{"line":79,"column":3}},"type":"if","locations":[{"start":{"line":75,"column":2},"end":{"line":79,"column":3}},{"start":{"line":77,"column":9},"end":{"line":79,"column":3}}],"line":75}},"s":{"0":3,"1":3,"2":3,"3":3,"4":3,"5":9,"6":9,"7":6,"8":6,"9":6,"10":3,"11":3,"12":9,"13":3,"14":1,"15":3,"16":2,"17":3,"18":2,"19":2,"20":1,"21":1,"22":3,"23":2,"24":2,"25":1,"26":1,"27":3,"28":1,"29":1,"30":0,"31":1,"32":3,"33":3,"34":3,"35":3,"36":3,"37":2,"38":1,"39":3},"f":{"0":9,"1":9,"2":1,"3":2,"4":2,"5":2,"6":1,"7":3,"8":3},"b":{"0":[6,3],"1":[9,6],"2":[6,0],"3":[1,1],"4":[1,1],"5":[0,1],"6":[1,1,1],"7":[3,3],"8":[2,1]},"_coverageSchema":"1a1c01bbd47fc00a2c39e90264f33305004495a9","hash":"9404ba64758831d8a20a93dcea09c918b4b525a6"}
,"C:\\Users\\joshu\\Hacktiv8\\Phase2\\Week 3\\Day 1\\Individual Project\\JW-IP-RMT52\\client\\server\\models\\Playlist.js": {"path":"C:\\Users\\joshu\\Hacktiv8\\Phase2\\Week 3\\Day 1\\Individual Project\\JW-IP-RMT52\\client\\server\\models\\Playlist.js","statementMap":{"0":{"start":{"line":2,"column":17},"end":{"line":2,"column":36}},"1":{"start":{"line":4,"column":23},"end":{"line":7,"column":2}},"2":{"start":{"line":9,"column":0},"end":{"line":9,"column":60}}},"fnMap":{},"branchMap":{},"s":{"0":3,"1":3,"2":3},"f":{},"b":{},"_coverageSchema":"1a1c01bbd47fc00a2c39e90264f33305004495a9","hash":"3bcfa56c9c3d3cfba6c2e992d0afd4bf5de686a6"}
,"C:\\Users\\joshu\\Hacktiv8\\Phase2\\Week 3\\Day 1\\Individual Project\\JW-IP-RMT52\\client\\server\\models\\Track.js": {"path":"C:\\Users\\joshu\\Hacktiv8\\Phase2\\Week 3\\Day 1\\Individual Project\\JW-IP-RMT52\\client\\server\\models\\Track.js","statementMap":{"0":{"start":{"line":1,"column":17},"end":{"line":1,"column":36}},"1":{"start":{"line":3,"column":20},"end":{"line":7,"column":2}},"2":{"start":{"line":9,"column":0},"end":{"line":9,"column":54}}},"fnMap":{},"branchMap":{},"s":{"0":3,"1":3,"2":3},"f":{},"b":{},"_coverageSchema":"1a1c01bbd47fc00a2c39e90264f33305004495a9","hash":"b613ab3b7166ee2666d4775c1dd7a45968fa91aa"}
,"C:\\Users\\joshu\\Hacktiv8\\Phase2\\Week 3\\Day 1\\Individual Project\\JW-IP-RMT52\\client\\server\\models\\User.js": {"path":"C:\\Users\\joshu\\Hacktiv8\\Phase2\\Week 3\\Day 1\\Individual Project\\JW-IP-RMT52\\client\\server\\models\\User.js","statementMap":{"0":{"start":{"line":2,"column":17},"end":{"line":2,"column":36}},"1":{"start":{"line":4,"column":19},"end":{"line":8,"column":2}},"2":{"start":{"line":10,"column":0},"end":{"line":10,"column":52}}},"fnMap":{},"branchMap":{},"s":{"0":3,"1":3,"2":3},"f":{},"b":{},"_coverageSchema":"1a1c01bbd47fc00a2c39e90264f33305004495a9","hash":"b461741df3db97e5e9aaa3f8f66db6b727f851e4"}
,"C:\\Users\\joshu\\Hacktiv8\\Phase2\\Week 3\\Day 1\\Individual Project\\JW-IP-RMT52\\client\\server\\models\\index.js": {"path":"C:\\Users\\joshu\\Hacktiv8\\Phase2\\Week 3\\Day 1\\Individual Project\\JW-IP-RMT52\\client\\server\\models\\index.js","statementMap":{"0":{"start":{"line":2,"column":0},"end":{"line":6,"column":4}}},"fnMap":{},"branchMap":{},"s":{"0":3},"f":{},"b":{},"_coverageSchema":"1a1c01bbd47fc00a2c39e90264f33305004495a9","hash":"0cfbd76f3835215a60b32c146b452b2055ed7dde"}
}
