TN:
SF:server.js
FN:14,(anonymous_0)
FN:27,(anonymous_1)
FN:43,(anonymous_2)
FNF:3
FNH:0
FNDA:0,(anonymous_0)
FNDA:0,(anonymous_1)
FNDA:0,(anonymous_2)
DA:1,3
DA:2,3
DA:3,3
DA:4,3
DA:6,3
DA:8,3
DA:9,3
DA:11,3
DA:12,3
DA:14,3
DA:15,0
DA:16,0
DA:20,0
DA:22,0
DA:23,0
DA:27,3
DA:28,0
DA:29,0
DA:30,0
DA:31,0
DA:32,0
DA:34,0
DA:35,0
DA:41,3
DA:42,0
DA:43,0
DA:44,0
DA:48,3
LF:28
LH:13
BRDA:41,0,0,0
BRDA:41,0,1,3
BRF:2
BRH:1
end_of_record
TN:
SF:__tests__\testRoutes.js
FN:15,(anonymous_0)
FN:27,(anonymous_1)
FN:35,(anonymous_2)
FN:40,(anonymous_3)
FN:45,(anonymous_4)
FN:54,(anonymous_5)
FN:63,(anonymous_6)
FN:72,(anonymous_7)
FN:74,(anonymous_8)
FNF:9
FNH:9
FNDA:9,(anonymous_0)
FNDA:9,(anonymous_1)
FNDA:1,(anonymous_2)
FNDA:2,(anonymous_3)
FNDA:2,(anonymous_4)
FNDA:2,(anonymous_5)
FNDA:1,(anonymous_6)
FNDA:3,(anonymous_7)
FNDA:3,(anonymous_8)
DA:1,3
DA:2,3
DA:5,3
DA:10,3
DA:15,3
DA:16,9
DA:17,9
DA:18,6
DA:19,6
DA:20,6
DA:23,3
DA:27,3
DA:28,9
DA:35,3
DA:36,1
DA:40,3
DA:41,2
DA:45,3
DA:46,2
DA:47,2
DA:48,1
DA:50,1
DA:54,3
DA:55,2
DA:56,2
DA:57,1
DA:59,1
DA:63,3
DA:64,1
DA:65,1
DA:66,0
DA:68,1
DA:72,3
DA:73,3
DA:74,3
DA:75,3
DA:76,2
DA:78,1
DA:82,3
LF:39
LH:38
BRDA:17,0,0,6
BRDA:17,0,1,3
BRDA:17,1,0,9
BRDA:17,1,1,6
BRDA:19,2,0,6
BRDA:19,2,1,0
BRDA:47,3,0,1
BRDA:47,3,1,1
BRDA:56,4,0,1
BRDA:56,4,1,1
BRDA:65,5,0,0
BRDA:65,5,1,1
BRDA:65,6,0,1
BRDA:65,6,1,1
BRDA:65,6,2,1
BRDA:74,7,0,3
BRDA:74,7,1,3
BRDA:75,8,0,2
BRDA:75,8,1,1
BRF:19
BRH:17
end_of_record
TN:
SF:models\Playlist.js
FNF:0
FNH:0
DA:2,3
DA:4,3
DA:9,3
LF:3
LH:3
BRF:0
BRH:0
end_of_record
TN:
SF:models\Track.js
FNF:0
FNH:0
DA:1,3
DA:3,3
DA:9,3
LF:3
LH:3
BRF:0
BRH:0
end_of_record
TN:
SF:models\User.js
FNF:0
FNH:0
DA:2,3
DA:4,3
DA:10,3
LF:3
LH:3
BRF:0
BRH:0
end_of_record
TN:
SF:models\index.js
FNF:0
FNH:0
DA:2,3
LF:1
LH:1
BRF:0
BRH:0
end_of_record
